{"level":"info","message":"Server running on port 3000","timestamp":"2025-04-07T12:21:55.154Z"}
{"level":"info","message":"Server running on port 3000","timestamp":"2025-04-07T12:28:01.592Z"}
{"level":"info","message":"Server running on port 3000","timestamp":"2025-04-07T12:29:52.537Z"}
{"level":"info","message":"Frontend accessible at http://localhost:3000","timestamp":"2025-04-07T12:29:52.541Z"}
{"level":"info","message":"API endpoints available at http://localhost:3000/api","timestamp":"2025-04-07T12:29:52.541Z"}
{"level":"error","message":"MongoDB connection error: The `uri` parameter to `openUri()` must be a string, got \"undefined\". Make sure the first parameter to `mongoose.connect()` or `mongoose.createConnection()` is a string.","stack":"MongooseError: The `uri` parameter to `openUri()` must be a string, got \"undefined\". Make sure the first parameter to `mongoose.connect()` or `mongoose.createConnection()` is a string.\n    at NativeConnection.createClient (D:\\BUILds\\dtb technologies\\backend\\node_modules\\mongoose\\lib\\drivers\\node-mongodb-native\\connection.js:236:11)\n    at NativeConnection.openUri (D:\\BUILds\\dtb technologies\\backend\\node_modules\\mongoose\\lib\\connection.js:1071:34)\n    at Mongoose.connect (D:\\BUILds\\dtb technologies\\backend\\node_modules\\mongoose\\lib\\mongoose.js:450:15)\n    at Object.<anonymous> (D:\\BUILds\\dtb technologies\\backend\\server.js:52:10)\n    at Module._compile (node:internal/modules/cjs/loader:1554:14)\n    at Object..js (node:internal/modules/cjs/loader:1706:10)\n    at Module.load (node:internal/modules/cjs/loader:1289:32)\n    at Function._load (node:internal/modules/cjs/loader:1108:12)\n    at TracingChannel.traceSync (node:diagnostics_channel:322:14)\n    at wrapModuleLoad (node:internal/modules/cjs/loader:220:24)","timestamp":"2025-04-07T12:29:52.542Z"}
{"level":"info","message":"Server running on port 3000","timestamp":"2025-04-07T12:30:26.117Z"}
{"level":"info","message":"Frontend accessible at http://localhost:3000","timestamp":"2025-04-07T12:30:26.120Z"}
{"level":"info","message":"API endpoints available at http://localhost:3000/api","timestamp":"2025-04-07T12:30:26.120Z"}
{"level":"error","message":"MongoDB connection error: The `uri` parameter to `openUri()` must be a string, got \"undefined\". Make sure the first parameter to `mongoose.connect()` or `mongoose.createConnection()` is a string.","stack":"MongooseError: The `uri` parameter to `openUri()` must be a string, got \"undefined\". Make sure the first parameter to `mongoose.connect()` or `mongoose.createConnection()` is a string.\n    at NativeConnection.createClient (D:\\BUILds\\dtb technologies\\backend\\node_modules\\mongoose\\lib\\drivers\\node-mongodb-native\\connection.js:236:11)\n    at NativeConnection.openUri (D:\\BUILds\\dtb technologies\\backend\\node_modules\\mongoose\\lib\\connection.js:1071:34)\n    at Mongoose.connect (D:\\BUILds\\dtb technologies\\backend\\node_modules\\mongoose\\lib\\mongoose.js:450:15)\n    at Object.<anonymous> (D:\\BUILds\\dtb technologies\\backend\\server.js:52:10)\n    at Module._compile (node:internal/modules/cjs/loader:1554:14)\n    at Object..js (node:internal/modules/cjs/loader:1706:10)\n    at Module.load (node:internal/modules/cjs/loader:1289:32)\n    at Function._load (node:internal/modules/cjs/loader:1108:12)\n    at TracingChannel.traceSync (node:diagnostics_channel:322:14)\n    at wrapModuleLoad (node:internal/modules/cjs/loader:220:24)","timestamp":"2025-04-07T12:30:26.121Z"}
{"level":"info","message":"Server running on port 4000","timestamp":"2025-04-07T12:32:22.627Z"}
{"level":"info","message":"Frontend accessible at http://localhost:4000","timestamp":"2025-04-07T12:32:22.630Z"}
{"level":"info","message":"API endpoints available at http://localhost:4000/api","timestamp":"2025-04-07T12:32:22.630Z"}
{"level":"error","message":"MongoDB connection error: The `uri` parameter to `openUri()` must be a string, got \"undefined\". Make sure the first parameter to `mongoose.connect()` or `mongoose.createConnection()` is a string.","stack":"MongooseError: The `uri` parameter to `openUri()` must be a string, got \"undefined\". Make sure the first parameter to `mongoose.connect()` or `mongoose.createConnection()` is a string.\n    at NativeConnection.createClient (D:\\BUILds\\dtb technologies\\backend\\node_modules\\mongoose\\lib\\drivers\\node-mongodb-native\\connection.js:236:11)\n    at NativeConnection.openUri (D:\\BUILds\\dtb technologies\\backend\\node_modules\\mongoose\\lib\\connection.js:1071:34)\n    at Mongoose.connect (D:\\BUILds\\dtb technologies\\backend\\node_modules\\mongoose\\lib\\mongoose.js:450:15)\n    at Object.<anonymous> (D:\\BUILds\\dtb technologies\\backend\\server.js:52:10)\n    at Module._compile (node:internal/modules/cjs/loader:1554:14)\n    at Object..js (node:internal/modules/cjs/loader:1706:10)\n    at Module.load (node:internal/modules/cjs/loader:1289:32)\n    at Function._load (node:internal/modules/cjs/loader:1108:12)\n    at TracingChannel.traceSync (node:diagnostics_channel:322:14)\n    at wrapModuleLoad (node:internal/modules/cjs/loader:220:24)","timestamp":"2025-04-07T12:32:22.632Z"}
{"level":"info","message":"Server running on port 5000","timestamp":"2025-04-07T12:35:54.013Z"}
{"level":"info","message":"Frontend accessible at http://localhost:5000","timestamp":"2025-04-07T12:35:54.016Z"}
{"level":"info","message":"API endpoints available at http://localhost:5000/api","timestamp":"2025-04-07T12:35:54.016Z"}
{"level":"error","message":"MongoDB connection error: The `uri` parameter to `openUri()` must be a string, got \"undefined\". Make sure the first parameter to `mongoose.connect()` or `mongoose.createConnection()` is a string.","stack":"MongooseError: The `uri` parameter to `openUri()` must be a string, got \"undefined\". Make sure the first parameter to `mongoose.connect()` or `mongoose.createConnection()` is a string.\n    at NativeConnection.createClient (D:\\BUILds\\dtb technologies\\backend\\node_modules\\mongoose\\lib\\drivers\\node-mongodb-native\\connection.js:236:11)\n    at NativeConnection.openUri (D:\\BUILds\\dtb technologies\\backend\\node_modules\\mongoose\\lib\\connection.js:1071:34)\n    at Mongoose.connect (D:\\BUILds\\dtb technologies\\backend\\node_modules\\mongoose\\lib\\mongoose.js:450:15)\n    at Object.<anonymous> (D:\\BUILds\\dtb technologies\\backend\\server.js:52:10)\n    at Module._compile (node:internal/modules/cjs/loader:1554:14)\n    at Object..js (node:internal/modules/cjs/loader:1706:10)\n    at Module.load (node:internal/modules/cjs/loader:1289:32)\n    at Function._load (node:internal/modules/cjs/loader:1108:12)\n    at TracingChannel.traceSync (node:diagnostics_channel:322:14)\n    at wrapModuleLoad (node:internal/modules/cjs/loader:220:24)","timestamp":"2025-04-07T12:35:54.018Z"}
{"level":"info","message":"Server running on port 5000","timestamp":"2025-04-07T12:36:06.701Z"}
{"level":"info","message":"Frontend accessible at http://localhost:5000","timestamp":"2025-04-07T12:36:06.704Z"}
{"level":"info","message":"API endpoints available at http://localhost:5000/api","timestamp":"2025-04-07T12:36:06.705Z"}
{"level":"error","message":"MongoDB connection error: The `uri` parameter to `openUri()` must be a string, got \"undefined\". Make sure the first parameter to `mongoose.connect()` or `mongoose.createConnection()` is a string.","stack":"MongooseError: The `uri` parameter to `openUri()` must be a string, got \"undefined\". Make sure the first parameter to `mongoose.connect()` or `mongoose.createConnection()` is a string.\n    at NativeConnection.createClient (D:\\BUILds\\dtb technologies\\backend\\node_modules\\mongoose\\lib\\drivers\\node-mongodb-native\\connection.js:236:11)\n    at NativeConnection.openUri (D:\\BUILds\\dtb technologies\\backend\\node_modules\\mongoose\\lib\\connection.js:1071:34)\n    at Mongoose.connect (D:\\BUILds\\dtb technologies\\backend\\node_modules\\mongoose\\lib\\mongoose.js:450:15)\n    at Object.<anonymous> (D:\\BUILds\\dtb technologies\\backend\\server.js:52:10)\n    at Module._compile (node:internal/modules/cjs/loader:1554:14)\n    at Object..js (node:internal/modules/cjs/loader:1706:10)\n    at Module.load (node:internal/modules/cjs/loader:1289:32)\n    at Function._load (node:internal/modules/cjs/loader:1108:12)\n    at TracingChannel.traceSync (node:diagnostics_channel:322:14)\n    at wrapModuleLoad (node:internal/modules/cjs/loader:220:24)","timestamp":"2025-04-07T12:36:06.706Z"}
{"level":"info","message":"Server running on port 5000","timestamp":"2025-04-07T12:37:19.982Z"}
{"level":"info","message":"Frontend accessible at http://localhost:5000","timestamp":"2025-04-07T12:37:19.985Z"}
{"level":"info","message":"API endpoints available at http://localhost:5000/api","timestamp":"2025-04-07T12:37:19.985Z"}
{"level":"error","message":"MongoDB connection error: The `uri` parameter to `openUri()` must be a string, got \"undefined\". Make sure the first parameter to `mongoose.connect()` or `mongoose.createConnection()` is a string.","stack":"MongooseError: The `uri` parameter to `openUri()` must be a string, got \"undefined\". Make sure the first parameter to `mongoose.connect()` or `mongoose.createConnection()` is a string.\n    at NativeConnection.createClient (D:\\BUILds\\dtb technologies\\backend\\node_modules\\mongoose\\lib\\drivers\\node-mongodb-native\\connection.js:236:11)\n    at NativeConnection.openUri (D:\\BUILds\\dtb technologies\\backend\\node_modules\\mongoose\\lib\\connection.js:1071:34)\n    at Mongoose.connect (D:\\BUILds\\dtb technologies\\backend\\node_modules\\mongoose\\lib\\mongoose.js:450:15)\n    at Object.<anonymous> (D:\\BUILds\\dtb technologies\\backend\\server.js:52:10)\n    at Module._compile (node:internal/modules/cjs/loader:1554:14)\n    at Object..js (node:internal/modules/cjs/loader:1706:10)\n    at Module.load (node:internal/modules/cjs/loader:1289:32)\n    at Function._load (node:internal/modules/cjs/loader:1108:12)\n    at TracingChannel.traceSync (node:diagnostics_channel:322:14)\n    at wrapModuleLoad (node:internal/modules/cjs/loader:220:24)","timestamp":"2025-04-07T12:37:19.987Z"}
{"level":"info","message":"Server running on port 5000","timestamp":"2025-04-07T12:38:19.493Z"}
{"level":"info","message":"Frontend accessible at http://localhost:5000","timestamp":"2025-04-07T12:38:19.495Z"}
{"level":"info","message":"API endpoints available at http://localhost:5000/api","timestamp":"2025-04-07T12:38:19.496Z"}
{"level":"error","message":"MongoDB connection error: The `uri` parameter to `openUri()` must be a string, got \"undefined\". Make sure the first parameter to `mongoose.connect()` or `mongoose.createConnection()` is a string.","stack":"MongooseError: The `uri` parameter to `openUri()` must be a string, got \"undefined\". Make sure the first parameter to `mongoose.connect()` or `mongoose.createConnection()` is a string.\n    at NativeConnection.createClient (D:\\BUILds\\dtb technologies\\backend\\node_modules\\mongoose\\lib\\drivers\\node-mongodb-native\\connection.js:236:11)\n    at NativeConnection.openUri (D:\\BUILds\\dtb technologies\\backend\\node_modules\\mongoose\\lib\\connection.js:1071:34)\n    at Mongoose.connect (D:\\BUILds\\dtb technologies\\backend\\node_modules\\mongoose\\lib\\mongoose.js:450:15)\n    at Object.<anonymous> (D:\\BUILds\\dtb technologies\\backend\\server.js:52:10)\n    at Module._compile (node:internal/modules/cjs/loader:1554:14)\n    at Object..js (node:internal/modules/cjs/loader:1706:10)\n    at Module.load (node:internal/modules/cjs/loader:1289:32)\n    at Function._load (node:internal/modules/cjs/loader:1108:12)\n    at TracingChannel.traceSync (node:diagnostics_channel:322:14)\n    at wrapModuleLoad (node:internal/modules/cjs/loader:220:24)","timestamp":"2025-04-07T12:38:19.497Z"}
{"level":"info","message":"Server running on port 5000","timestamp":"2025-04-07T12:40:08.957Z"}
{"level":"info","message":"Frontend accessible at http://localhost:5000","timestamp":"2025-04-07T12:40:08.960Z"}
{"level":"info","message":"API endpoints available at http://localhost:5000/api","timestamp":"2025-04-07T12:40:08.960Z"}
{"level":"error","message":"MongoDB connection error: The `uri` parameter to `openUri()` must be a string, got \"undefined\". Make sure the first parameter to `mongoose.connect()` or `mongoose.createConnection()` is a string.","stack":"MongooseError: The `uri` parameter to `openUri()` must be a string, got \"undefined\". Make sure the first parameter to `mongoose.connect()` or `mongoose.createConnection()` is a string.\n    at NativeConnection.createClient (D:\\BUILds\\dtb technologies\\backend\\node_modules\\mongoose\\lib\\drivers\\node-mongodb-native\\connection.js:236:11)\n    at NativeConnection.openUri (D:\\BUILds\\dtb technologies\\backend\\node_modules\\mongoose\\lib\\connection.js:1071:34)\n    at Mongoose.connect (D:\\BUILds\\dtb technologies\\backend\\node_modules\\mongoose\\lib\\mongoose.js:450:15)\n    at Object.<anonymous> (D:\\BUILds\\dtb technologies\\backend\\server.js:52:10)\n    at Module._compile (node:internal/modules/cjs/loader:1554:14)\n    at Object..js (node:internal/modules/cjs/loader:1706:10)\n    at Module.load (node:internal/modules/cjs/loader:1289:32)\n    at Function._load (node:internal/modules/cjs/loader:1108:12)\n    at TracingChannel.traceSync (node:diagnostics_channel:322:14)\n    at wrapModuleLoad (node:internal/modules/cjs/loader:220:24)","timestamp":"2025-04-07T12:40:08.961Z"}
{"level":"info","message":"Server running on port 5000","timestamp":"2025-04-07T12:42:42.980Z"}
{"level":"info","message":"Frontend accessible at http://localhost:5000","timestamp":"2025-04-07T12:42:42.983Z"}
{"level":"info","message":"API endpoints available at http://localhost:5000/api","timestamp":"2025-04-07T12:42:42.983Z"}
{"level":"error","message":"MongoDB connection error: The `uri` parameter to `openUri()` must be a string, got \"undefined\". Make sure the first parameter to `mongoose.connect()` or `mongoose.createConnection()` is a string.","stack":"MongooseError: The `uri` parameter to `openUri()` must be a string, got \"undefined\". Make sure the first parameter to `mongoose.connect()` or `mongoose.createConnection()` is a string.\n    at NativeConnection.createClient (D:\\BUILds\\dtb technologies\\backend\\node_modules\\mongoose\\lib\\drivers\\node-mongodb-native\\connection.js:236:11)\n    at NativeConnection.openUri (D:\\BUILds\\dtb technologies\\backend\\node_modules\\mongoose\\lib\\connection.js:1071:34)\n    at Mongoose.connect (D:\\BUILds\\dtb technologies\\backend\\node_modules\\mongoose\\lib\\mongoose.js:450:15)\n    at Object.<anonymous> (D:\\BUILds\\dtb technologies\\backend\\server.js:52:10)\n    at Module._compile (node:internal/modules/cjs/loader:1554:14)\n    at Object..js (node:internal/modules/cjs/loader:1706:10)\n    at Module.load (node:internal/modules/cjs/loader:1289:32)\n    at Function._load (node:internal/modules/cjs/loader:1108:12)\n    at TracingChannel.traceSync (node:diagnostics_channel:322:14)\n    at wrapModuleLoad (node:internal/modules/cjs/loader:220:24)","timestamp":"2025-04-07T12:42:42.984Z"}
{"level":"info","message":"No MongoDB URI provided. Running in development mode without database.","timestamp":"2025-04-07T12:43:42.048Z"}
{"level":"info","message":"Server running on port 5000","timestamp":"2025-04-07T12:43:42.152Z"}
{"level":"info","message":"Frontend accessible at http://localhost:5000","timestamp":"2025-04-07T12:43:42.152Z"}
{"level":"info","message":"API endpoints available at http://localhost:5000/api","timestamp":"2025-04-07T12:43:42.152Z"}
{"level":"info","message":"No MongoDB URI provided. Running in development mode without database.","timestamp":"2025-04-07T12:44:25.760Z"}
{"level":"info","message":"Server running on port 6000","timestamp":"2025-04-07T12:44:25.867Z"}
{"level":"info","message":"Frontend accessible at http://localhost:6000","timestamp":"2025-04-07T12:44:25.868Z"}
{"level":"info","message":"API endpoints available at http://localhost:6000/api","timestamp":"2025-04-07T12:44:25.868Z"}
{"level":"info","message":"No MongoDB URI provided. Running in development mode without database.","timestamp":"2025-04-07T12:45:58.416Z"}
{"level":"info","message":"Server running on port 7000","timestamp":"2025-04-07T12:45:58.527Z"}
{"level":"info","message":"Frontend accessible at http://localhost:7000","timestamp":"2025-04-07T12:45:58.527Z"}
{"level":"info","message":"API endpoints available at http://localhost:7000/api","timestamp":"2025-04-07T12:45:58.528Z"}
{"level":"info","message":"No MongoDB URI provided. Running in development mode without database.","timestamp":"2025-04-07T12:50:44.158Z"}
{"level":"info","message":"Server running on port 7000","timestamp":"2025-04-07T12:50:44.271Z"}
{"level":"info","message":"Frontend accessible at http://localhost:7000","timestamp":"2025-04-07T12:50:44.271Z"}
{"level":"info","message":"API endpoints available at http://localhost:7000/api","timestamp":"2025-04-07T12:50:44.271Z"}
{"level":"info","message":"Server is running on port 3000","timestamp":"2025-04-07T13:02:22.337Z"}
{"level":"info","message":"Connected to MongoDB","timestamp":"2025-04-07T13:02:22.367Z"}
{"level":"info","message":"Server is running on port 3000","timestamp":"2025-04-07T13:05:00.928Z"}
{"level":"info","message":"Connected to MongoDB","timestamp":"2025-04-07T13:05:00.959Z"}
{"level":"info","message":"Server is running on port 5000","timestamp":"2025-04-07T15:23:20.505Z"}
{"level":"info","message":"Frontend accessible at http://localhost:3000","timestamp":"2025-04-07T15:23:20.508Z"}
{"level":"info","message":"API endpoints available at http://localhost:5000/api","timestamp":"2025-04-07T15:23:20.508Z"}
{"level":"info","message":"Connected to MongoDB","timestamp":"2025-04-07T15:23:20.521Z"}
{"level":"info","message":"Server is running on port 5000","timestamp":"2025-04-07T15:29:59.334Z"}
{"level":"info","message":"Frontend accessible at http://localhost:3000","timestamp":"2025-04-07T15:29:59.338Z"}
{"level":"info","message":"API endpoints available at http://localhost:5000/api","timestamp":"2025-04-07T15:29:59.339Z"}
{"level":"info","message":"Connected to MongoDB","timestamp":"2025-04-07T15:29:59.358Z"}
{"level":"info","message":"Server is running on port 5001","timestamp":"2025-04-07T15:31:04.021Z"}
{"level":"info","message":"Frontend accessible at http://localhost:3000","timestamp":"2025-04-07T15:31:04.024Z"}
{"level":"info","message":"API endpoints available at http://localhost:5001/api","timestamp":"2025-04-07T15:31:04.024Z"}
{"level":"info","message":"Connected to MongoDB","timestamp":"2025-04-07T15:31:04.044Z"}
{"level":"info","message":"Server is running on port 8080","timestamp":"2025-04-07T15:32:21.135Z"}
{"level":"info","message":"Frontend accessible at http://localhost:3000","timestamp":"2025-04-07T15:32:21.137Z"}
{"level":"info","message":"API endpoints available at http://localhost:8080/api","timestamp":"2025-04-07T15:32:21.137Z"}
{"level":"info","message":"Connected to MongoDB","timestamp":"2025-04-07T15:32:21.151Z"}
{"level":"info","message":"Server is running on port 8080","timestamp":"2025-04-07T15:36:32.617Z"}
{"level":"info","message":"Frontend accessible at http://localhost:3000","timestamp":"2025-04-07T15:36:32.619Z"}
{"level":"info","message":"API endpoints available at http://localhost:8080/api","timestamp":"2025-04-07T15:36:32.619Z"}
{"level":"info","message":"Connected to MongoDB","timestamp":"2025-04-07T15:36:32.633Z"}
{"level":"info","message":"Server is running on port 8080","timestamp":"2025-04-07T15:37:02.408Z"}
{"level":"info","message":"Frontend accessible at http://localhost:3000","timestamp":"2025-04-07T15:37:02.410Z"}
{"level":"info","message":"API endpoints available at http://localhost:8080/api","timestamp":"2025-04-07T15:37:02.410Z"}
{"level":"info","message":"Connected to MongoDB","timestamp":"2025-04-07T15:37:02.424Z"}
{"level":"info","message":"Server is running on port 8080","timestamp":"2025-04-07T15:39:14.895Z"}
{"level":"info","message":"Frontend accessible at http://localhost:3000","timestamp":"2025-04-07T15:39:14.898Z"}
{"level":"info","message":"API endpoints available at http://localhost:8080/api","timestamp":"2025-04-07T15:39:14.898Z"}
{"level":"info","message":"Connected to MongoDB","timestamp":"2025-04-07T15:39:14.911Z"}
{"level":"info","message":"Server is running on port 8080","timestamp":"2025-04-07T15:39:48.895Z"}
{"level":"info","message":"Frontend accessible at http://localhost:3000","timestamp":"2025-04-07T15:39:48.897Z"}
{"level":"info","message":"API endpoints available at http://localhost:8080/api","timestamp":"2025-04-07T15:39:48.898Z"}
{"level":"info","message":"Connected to MongoDB","timestamp":"2025-04-07T15:39:48.911Z"}
{"level":"info","message":"Server is running on port 8080","timestamp":"2025-04-07T15:40:19.174Z"}
{"level":"info","message":"Frontend accessible at http://localhost:3000","timestamp":"2025-04-07T15:40:19.176Z"}
{"level":"info","message":"API endpoints available at http://localhost:8080/api","timestamp":"2025-04-07T15:40:19.176Z"}
{"level":"info","message":"Connected to MongoDB","timestamp":"2025-04-07T15:40:19.190Z"}
{"level":"info","message":"Server is running on port 8080","timestamp":"2025-04-07T15:43:24.584Z"}
{"level":"info","message":"Frontend accessible at http://localhost:3000","timestamp":"2025-04-07T15:43:24.586Z"}
{"level":"info","message":"API endpoints available at http://localhost:8080/api","timestamp":"2025-04-07T15:43:24.587Z"}
{"level":"info","message":"Connected to MongoDB","timestamp":"2025-04-07T15:43:24.600Z"}
{"level":"info","message":"Server is running on port 8080","timestamp":"2025-04-07T15:48:13.486Z"}
{"level":"info","message":"Frontend accessible at http://localhost:3000","timestamp":"2025-04-07T15:48:13.488Z"}
{"level":"info","message":"API endpoints available at http://localhost:8080/api","timestamp":"2025-04-07T15:48:13.488Z"}
{"level":"info","message":"Connected to MongoDB","timestamp":"2025-04-07T15:48:13.504Z"}
{"level":"info","message":"Server is running on port 8080","timestamp":"2025-04-07T15:49:36.297Z"}
{"level":"info","message":"Frontend accessible at http://localhost:3000","timestamp":"2025-04-07T15:49:36.299Z"}
{"level":"info","message":"API endpoints available at http://localhost:8080/api","timestamp":"2025-04-07T15:49:36.300Z"}
{"level":"info","message":"Connected to MongoDB","timestamp":"2025-04-07T15:49:36.314Z"}
